2019-07-04 15:51:15,469 DEBUG root: Bad labelling or tokenization - end offset doesn't match
2019-07-04 15:51:15,490 DEBUG root: Bad labelling or tokenization - end offset doesn't match
2019-07-04 15:51:15,513 DEBUG root: Bad tokenization - end offset doesn't match
2019-07-04 15:51:15,686 DEBUG root: Bad labelling or tokenization - end offset doesn't match
2019-07-04 15:51:15,888 DEBUG root: Bad tokenization - end offset doesn't match
2019-07-04 15:51:16,103 DEBUG root: Bad labelling or tokenization - start offset doesn't match
2019-07-04 15:51:16,105 DEBUG root: Bad labelling or tokenization - start offset doesn't match
2019-07-04 15:51:16,107 DEBUG root: Bad labelling or tokenization - start offset doesn't match
2019-07-04 15:51:16,240 DEBUG root: Bad tokenization - end offset doesn't match
2019-07-04 15:51:16,309 DEBUG root: Bad labelling or tokenization - end offset doesn't match
2019-07-04 15:51:16,342 DEBUG root: Bad tokenization - end offset doesn't match
2019-07-04 15:51:16,509 DEBUG root: Bad labelling or tokenization - start offset doesn't match
2019-07-04 15:51:16,516 DEBUG root: Bad labelling or tokenization - start offset doesn't match
2019-07-04 15:51:16,570 DEBUG root: Bad tokenization - end offset doesn't match
2019-07-04 15:51:16,621 DEBUG root: Bad tokenization - end offset doesn't match
2019-07-04 15:51:16,640 DEBUG root: Bad labelling or tokenization - end offset doesn't match
2019-07-04 15:51:16,723 DEBUG root: Bad tokenization - end offset doesn't match
2019-07-04 15:51:16,813 DEBUG root: Bad labelling or tokenization - end offset doesn't match
2019-07-04 15:51:16,814 DEBUG root: Bad tokenization - end offset doesn't match
2019-07-04 15:51:16,865 DEBUG root: Bad tokenization - end offset doesn't match
2019-07-04 15:51:16,879 DEBUG root: Bad tokenization - end offset doesn't match
2019-07-04 15:51:17,028 DEBUG root: Bad tokenization - end offset doesn't match
2019-07-04 15:51:17,053 DEBUG root: Bad labelling or tokenization - start offset doesn't match
2019-07-04 15:51:17,454 DEBUG root: Bad tokenization - end offset doesn't match
2019-07-04 15:51:17,971 DEBUG root: Bad labelling or tokenization - start offset doesn't match
2019-07-04 15:51:18,397 DEBUG root: Bad labelling or tokenization - end offset doesn't match
2019-07-04 15:51:18,589 DEBUG root: Bad labelling or tokenization - start offset doesn't match
2019-07-04 15:51:18,590 DEBUG root: Bad labelling or tokenization - start offset doesn't match
2019-07-04 15:51:18,593 DEBUG root: Bad tokenization - end offset doesn't match
2019-07-04 15:51:18,595 DEBUG root: Bad tokenization - end offset doesn't match
2019-07-04 15:51:18,627 DEBUG root: Bad labelling or tokenization - start offset doesn't match
2019-07-04 15:51:18,628 DEBUG root: Bad labelling or tokenization - start offset doesn't match
2019-07-04 15:51:18,631 DEBUG root: Bad tokenization - end offset doesn't match
2019-07-04 15:51:18,632 DEBUG root: Bad tokenization - end offset doesn't match
2019-07-04 15:51:18,722 DEBUG root: Bad tokenization - end offset doesn't match
2019-07-04 15:51:18,724 DEBUG root: Bad tokenization - end offset doesn't match
2019-07-04 15:51:18,773 DEBUG root: Bad tokenization - end offset doesn't match
2019-07-04 15:51:18,802 DEBUG root: Bad tokenization - end offset doesn't match
2019-07-04 15:51:18,818 DEBUG root: Bad labelling or tokenization - start offset doesn't match
2019-07-04 15:51:18,819 DEBUG root: Bad labelling or tokenization - start offset doesn't match
2019-07-04 15:51:18,824 DEBUG root: Bad tokenization - end offset doesn't match
2019-07-04 15:51:18,825 DEBUG root: Bad tokenization - end offset doesn't match
2019-07-04 15:51:18,834 DEBUG root: Bad labelling or tokenization - end offset doesn't match
2019-07-04 15:51:18,856 DEBUG root: Bad labelling or tokenization - end offset doesn't match
2019-07-04 15:51:18,931 DEBUG root: Bad tokenization - end offset doesn't match
2019-07-04 15:51:18,940 DEBUG root: Bad labelling or tokenization - end offset doesn't match
2019-07-04 15:51:19,043 DEBUG root: Bad tokenization - end offset doesn't match
2019-07-04 15:51:19,210 DEBUG root: Bad labelling or tokenization - start offset doesn't match
2019-07-04 15:51:19,251 DEBUG root: Bad labelling or tokenization - end offset doesn't match
2019-07-04 15:51:19,269 DEBUG root: Bad tokenization - end offset doesn't match
2019-07-04 15:51:19,341 DEBUG root: Bad tokenization - end offset doesn't match
2019-07-04 15:51:19,373 DEBUG root: Bad tokenization - end offset doesn't match
2019-07-04 15:51:19,457 DEBUG root: Bad labelling or tokenization - start offset doesn't match
2019-07-04 15:51:19,457 DEBUG root: Bad labelling or tokenization - start offset doesn't match
2019-07-04 15:51:19,503 DEBUG root: Bad labelling or tokenization - start offset doesn't match
2019-07-04 15:51:19,505 DEBUG root: Bad labelling or tokenization - start offset doesn't match
2019-07-04 15:51:19,505 DEBUG root: Bad tokenization - end offset doesn't match
2019-07-04 15:51:19,506 DEBUG root: Bad labelling or tokenization - start offset doesn't match
2019-07-04 15:51:19,536 DEBUG root: Bad labelling or tokenization - start offset doesn't match
2019-07-04 15:51:19,537 DEBUG root: Bad labelling or tokenization - start offset doesn't match
2019-07-04 15:51:19,672 DEBUG root: Bad tokenization - end offset doesn't match
2019-07-04 15:51:19,687 DEBUG root: Bad tokenization - end offset doesn't match
2019-07-04 15:51:19,691 DEBUG root: Bad tokenization - end offset doesn't match
2019-07-04 15:51:19,724 DEBUG root: Bad tokenization - end offset doesn't match
2019-07-04 15:51:19,727 DEBUG root: Bad tokenization - end offset doesn't match
2019-07-04 15:51:20,123 DEBUG root: Bad labelling or tokenization - start offset doesn't match
2019-07-04 15:51:20,181 DEBUG root: Bad labelling or tokenization - start offset doesn't match
2019-07-04 15:51:20,553 DEBUG root: Bad tokenization - end offset doesn't match
2019-07-04 15:51:20,581 DEBUG root: Bad tokenization - end offset doesn't match
2019-07-04 15:51:20,770 DEBUG root: Bad tokenization - end offset doesn't match
2019-07-04 15:51:20,948 DEBUG root: Bad tokenization - end offset doesn't match
2019-07-04 15:51:21,247 DEBUG root: Bad labelling or tokenization - end offset doesn't match
2019-07-04 15:51:21,454 DEBUG root: Bad tokenization - end offset doesn't match
2019-07-04 15:51:21,507 DEBUG root: Bad labelling or tokenization - end offset doesn't match
2019-07-04 15:51:21,510 DEBUG root: Bad tokenization - end offset doesn't match
2019-07-04 15:51:21,529 DEBUG root: Bad tokenization - end offset doesn't match
2019-07-04 15:51:21,552 DEBUG root: Bad tokenization - end offset doesn't match
2019-07-04 15:51:21,552 DEBUG root: Bad tokenization - end offset doesn't match
2019-07-04 15:51:21,662 DEBUG root: Bad tokenization - end offset doesn't match
2019-07-04 15:51:21,772 DEBUG root: Bad labelling or tokenization - end offset doesn't match
2019-07-04 15:51:22,225 DEBUG root: Bad labelling or tokenization - start offset doesn't match
2019-07-04 15:51:22,227 DEBUG root: Bad labelling or tokenization - start offset doesn't match
2019-07-04 15:51:22,264 DEBUG root: Bad tokenization - end offset doesn't match
2019-07-04 15:51:22,353 DEBUG root: Bad labelling or tokenization - end offset doesn't match
2019-07-04 15:51:22,470 DEBUG root: Bad labelling or tokenization - end offset doesn't match
2019-07-04 15:51:22,481 DEBUG root: Bad tokenization - end offset doesn't match
2019-07-04 15:51:22,517 DEBUG root: Bad labelling or tokenization - start offset doesn't match
2019-07-04 15:51:22,727 DEBUG root: Bad labelling or tokenization - end offset doesn't match
2019-07-04 15:51:22,898 DEBUG root: Bad tokenization - end offset doesn't match
2019-07-04 15:51:22,958 DEBUG root: Bad tokenization - end offset doesn't match
2019-07-04 15:51:23,023 DEBUG root: Bad tokenization - end offset doesn't match
2019-07-04 15:51:23,417 DEBUG root: Bad tokenization - end offset doesn't match
2019-07-04 15:51:23,423 DEBUG root: Bad tokenization - end offset doesn't match
2019-07-04 15:51:23,440 DEBUG root: Bad tokenization - end offset doesn't match
2019-07-04 15:51:23,471 DEBUG root: Bad tokenization - end offset doesn't match
2019-07-04 15:51:23,474 DEBUG root: Bad labelling or tokenization - start offset doesn't match
2019-07-04 15:51:23,474 DEBUG root: Bad tokenization - end offset doesn't match
2019-07-04 15:51:23,478 DEBUG root: Bad labelling or tokenization - start offset doesn't match
2019-07-04 15:51:23,478 DEBUG root: Bad tokenization - end offset doesn't match
2019-07-04 15:51:23,484 DEBUG root: Bad tokenization - end offset doesn't match
2019-07-04 15:51:23,526 DEBUG root: Bad labelling or tokenization - start offset doesn't match
2019-07-04 15:51:23,668 DEBUG root: Bad tokenization - end offset doesn't match
2019-07-04 15:51:23,670 DEBUG root: Bad labelling or tokenization - end offset doesn't match
2019-07-04 15:51:23,675 DEBUG root: Bad labelling or tokenization - end offset doesn't match
2019-07-04 15:51:23,796 DEBUG root: Bad tokenization - end offset doesn't match
2019-07-04 15:51:23,828 DEBUG root: Bad labelling or tokenization - start offset doesn't match
2019-07-04 15:51:23,829 DEBUG root: Bad tokenization - end offset doesn't match
2019-07-04 15:51:23,842 DEBUG root: Bad tokenization - end offset doesn't match
2019-07-04 15:51:23,857 DEBUG root: Bad tokenization - end offset doesn't match
2019-07-04 15:51:23,866 DEBUG root: Bad labelling or tokenization - start offset doesn't match
2019-07-04 15:51:23,866 DEBUG root: Bad tokenization - end offset doesn't match
2019-07-04 15:51:23,880 DEBUG root: Bad labelling or tokenization - start offset doesn't match
2019-07-04 15:51:23,880 DEBUG root: Bad tokenization - end offset doesn't match
2019-07-04 15:51:23,946 DEBUG root: Bad labelling or tokenization - start offset doesn't match
2019-07-04 15:51:23,958 DEBUG root: Bad labelling or tokenization - start offset doesn't match
2019-07-04 15:51:23,972 DEBUG root: Bad tokenization - end offset doesn't match
2019-07-04 15:51:24,125 DEBUG root: Bad labelling or tokenization - end offset doesn't match
2019-07-04 15:51:24,224 DEBUG root: Bad tokenization - end offset doesn't match
2019-07-04 15:51:24,821 DEBUG root: Bad labelling or tokenization - start offset doesn't match
2019-07-04 15:51:24,936 DEBUG root: Bad tokenization - end offset doesn't match
2019-07-04 15:51:24,961 DEBUG root: Bad tokenization - end offset doesn't match
2019-07-04 15:51:25,173 DEBUG root: Bad labelling or tokenization - end offset doesn't match
2019-07-04 15:51:25,242 DEBUG root: Bad labelling or tokenization - end offset doesn't match
2019-07-04 15:51:25,327 DEBUG root: Bad tokenization - end offset doesn't match
2019-07-04 15:51:25,357 DEBUG root: Bad labelling or tokenization - start offset doesn't match
2019-07-04 15:51:25,358 DEBUG root: Bad tokenization - end offset doesn't match
2019-07-04 15:51:25,358 DEBUG root: Bad labelling or tokenization - start offset doesn't match
2019-07-04 15:51:25,358 DEBUG root: Bad tokenization - end offset doesn't match
2019-07-04 15:51:25,359 DEBUG root: Bad tokenization - end offset doesn't match
2019-07-04 15:51:25,360 DEBUG root: Bad labelling or tokenization - start offset doesn't match
2019-07-04 15:51:25,360 DEBUG root: Bad tokenization - end offset doesn't match
2019-07-04 15:51:25,548 DEBUG root: Bad labelling or tokenization - start offset doesn't match
2019-07-04 15:51:25,548 DEBUG root: Bad tokenization - end offset doesn't match
2019-07-04 15:51:25,638 DEBUG root: Bad labelling or tokenization - end offset doesn't match
2019-07-04 15:51:25,654 DEBUG root: Bad tokenization - end offset doesn't match
2019-07-04 15:51:25,692 DEBUG root: Bad tokenization - end offset doesn't match
2019-07-04 15:51:25,705 DEBUG root: Bad tokenization - end offset doesn't match
2019-07-04 15:51:26,096 DEBUG root: Bad tokenization - end offset doesn't match
2019-07-04 15:51:26,140 DEBUG root: Bad tokenization - end offset doesn't match
2019-07-04 15:51:26,198 DEBUG root: Bad labelling or tokenization - start offset doesn't match
2019-07-04 15:51:26,268 DEBUG root: Bad labelling or tokenization - start offset doesn't match
2019-07-04 15:51:26,346 DEBUG root: Bad tokenization - end offset doesn't match
2019-07-04 15:51:26,406 DEBUG root: Bad labelling or tokenization - end offset doesn't match
2019-07-04 15:51:26,407 DEBUG root: Bad labelling or tokenization - end offset doesn't match
2019-07-04 15:51:26,444 DEBUG root: Bad labelling or tokenization - start offset doesn't match
2019-07-04 15:51:26,593 DEBUG root: Bad labelling or tokenization - end offset doesn't match
2019-07-04 15:51:26,813 DEBUG root: Bad tokenization - end offset doesn't match
2019-07-04 15:51:26,824 DEBUG root: Bad tokenization - end offset doesn't match
2019-07-04 15:51:26,842 DEBUG root: Bad labelling or tokenization - end offset doesn't match
2019-07-04 15:51:26,930 DEBUG root: Bad labelling or tokenization - start offset doesn't match
2019-07-04 15:51:27,297 DEBUG root: Bad tokenization - end offset doesn't match
2019-07-04 15:51:27,300 DEBUG root: Bad labelling or tokenization - end offset doesn't match
2019-07-04 15:51:27,416 DEBUG root: Bad tokenization - end offset doesn't match
2019-07-04 15:51:27,552 DEBUG root: Bad labelling or tokenization - end offset doesn't match
2019-07-04 15:51:28,024 DEBUG root: Bad labelling or tokenization - end offset doesn't match
2019-07-04 15:51:28,449 DEBUG root: Bad tokenization - end offset doesn't match
2019-07-04 15:51:28,550 DEBUG root: Bad tokenization - end offset doesn't match
2019-07-04 15:51:29,544 DEBUG root: Bad labelling or tokenization - start offset doesn't match
2019-07-04 15:51:29,964 DEBUG root: Bad labelling or tokenization - end offset doesn't match
2019-07-04 15:51:30,510 DEBUG root: Bad labelling or tokenization - start offset doesn't match
2019-07-04 15:51:30,682 DEBUG root: Bad labelling or tokenization - end offset doesn't match
2019-07-04 15:51:30,730 DEBUG root: Bad labelling or tokenization - end offset doesn't match
2019-07-04 15:51:30,764 DEBUG root: Bad tokenization - end offset doesn't match
2019-07-04 15:51:30,887 DEBUG root: Bad tokenization - end offset doesn't match
2019-07-04 15:51:31,895 DEBUG root: Bad tokenization - end offset doesn't match
2019-07-04 15:51:32,039 DEBUG root: Bad labelling or tokenization - start offset doesn't match
2019-07-04 15:51:32,065 DEBUG root: Bad labelling or tokenization - start offset doesn't match
2019-07-04 15:51:32,517 DEBUG root: Bad labelling or tokenization - start offset doesn't match
2019-07-04 15:51:32,517 DEBUG root: Bad tokenization - end offset doesn't match
2019-07-04 15:51:32,517 DEBUG root: Bad labelling or tokenization - start offset doesn't match
2019-07-04 15:51:32,517 DEBUG root: Bad tokenization - end offset doesn't match
2019-07-04 15:51:32,518 DEBUG root: Bad labelling or tokenization - start offset doesn't match
2019-07-04 15:51:32,518 DEBUG root: Bad tokenization - end offset doesn't match
2019-07-04 15:51:32,560 DEBUG root: Bad labelling or tokenization - start offset doesn't match
2019-07-04 15:51:32,560 DEBUG root: Bad tokenization - end offset doesn't match
2019-07-04 15:51:32,560 DEBUG root: Bad labelling or tokenization - start offset doesn't match
2019-07-04 15:51:32,561 DEBUG root: Bad tokenization - end offset doesn't match
2019-07-04 15:51:32,561 DEBUG root: Bad labelling or tokenization - start offset doesn't match
2019-07-04 15:51:32,561 DEBUG root: Bad tokenization - end offset doesn't match
2019-07-04 15:51:33,312 DEBUG root: Bad labelling or tokenization - end offset doesn't match
2019-07-04 15:51:33,462 DEBUG root: Bad labelling or tokenization - end offset doesn't match
2019-07-04 15:51:33,524 DEBUG root: Bad tokenization - end offset doesn't match
2019-07-04 15:51:33,611 DEBUG root: Bad labelling or tokenization - end offset doesn't match
2019-07-04 15:51:34,045 DEBUG root: Bad tokenization - end offset doesn't match
2019-07-04 15:51:34,062 DEBUG root: Bad tokenization - end offset doesn't match
2019-07-04 15:51:34,115 DEBUG root: Bad tokenization - end offset doesn't match
2019-07-04 15:51:34,267 DEBUG root: Bad tokenization - end offset doesn't match
2019-07-04 15:51:35,225 DEBUG root: Bad labelling or tokenization - end offset doesn't match
2019-07-04 15:51:35,442 DEBUG root: Bad tokenization - end offset doesn't match
2019-07-04 15:51:35,522 DEBUG root: Bad tokenization - end offset doesn't match
2019-07-04 15:51:36,050 DEBUG root: Bad tokenization - end offset doesn't match
2019-07-04 15:51:36,069 DEBUG root: Bad tokenization - end offset doesn't match
2019-07-04 15:51:36,169 DEBUG root: Bad tokenization - end offset doesn't match
2019-07-04 15:51:36,320 DEBUG root: Bad labelling or tokenization - end offset doesn't match
2019-07-04 15:51:36,544 DEBUG root: Bad labelling or tokenization - start offset doesn't match
2019-07-04 15:51:36,567 DEBUG root: Bad labelling or tokenization - end offset doesn't match
2019-07-04 15:51:36,568 DEBUG root: Bad labelling or tokenization - start offset doesn't match
2019-07-04 15:51:36,612 DEBUG root: Bad labelling or tokenization - end offset doesn't match
2019-07-04 15:51:36,799 DEBUG root: Bad labelling or tokenization - end offset doesn't match
2019-07-04 15:51:37,101 DEBUG root: Bad labelling or tokenization - end offset doesn't match
2019-07-04 15:51:37,543 DEBUG root: Bad labelling or tokenization - start offset doesn't match
2019-07-04 15:51:37,865 DEBUG root: Bad labelling or tokenization - end offset doesn't match
2019-07-04 15:51:37,888 DEBUG root: Bad labelling or tokenization - end offset doesn't match
2019-07-04 15:51:38,402 DEBUG root: Bad labelling or tokenization - end offset doesn't match
2019-07-04 15:51:38,881 DEBUG root: Bad labelling or tokenization - start offset doesn't match
2019-07-04 15:51:38,881 DEBUG root: Bad labelling or tokenization - end offset doesn't match
2019-07-04 15:51:38,883 DEBUG root: Bad tokenization - end offset doesn't match
2019-07-04 15:51:38,883 DEBUG root: Bad labelling or tokenization - start offset doesn't match
2019-07-04 15:51:38,884 DEBUG root: Bad labelling or tokenization - end offset doesn't match
2019-07-04 15:51:38,884 DEBUG root: Bad labelling or tokenization - end offset doesn't match
2019-07-04 15:51:38,948 DEBUG root: Bad tokenization - end offset doesn't match
2019-07-04 15:51:38,955 DEBUG root: Bad labelling or tokenization - start offset doesn't match
2019-07-04 15:51:38,955 DEBUG root: Bad labelling or tokenization - end offset doesn't match
2019-07-04 15:51:39,051 DEBUG root: Bad labelling or tokenization - start offset doesn't match
2019-07-04 15:51:39,070 DEBUG root: Bad labelling or tokenization - start offset doesn't match
2019-07-04 15:51:39,492 DEBUG root: Bad labelling or tokenization - end offset doesn't match
2019-07-04 15:51:39,498 DEBUG root: Bad labelling or tokenization - start offset doesn't match
2019-07-04 15:51:40,378 DEBUG root: Bad labelling or tokenization - end offset doesn't match
2019-07-04 15:51:40,648 DEBUG root: Bad labelling or tokenization - end offset doesn't match
2019-07-04 15:51:41,031 DEBUG root: Bad labelling or tokenization - end offset doesn't match
2019-07-04 15:51:41,066 DEBUG root: Bad labelling or tokenization - end offset doesn't match
2019-07-04 15:51:41,189 DEBUG root: Bad tokenization - end offset doesn't match
2019-07-04 15:51:41,553 DEBUG root: Bad labelling or tokenization - end offset doesn't match
2019-07-04 15:51:41,904 DEBUG root: Bad labelling or tokenization - end offset doesn't match
2019-07-04 15:51:41,986 DEBUG root: Bad labelling or tokenization - end offset doesn't match
2019-07-04 15:51:42,099 DEBUG root: Bad labelling or tokenization - end offset doesn't match
2019-07-04 15:51:42,553 DEBUG root: Bad labelling or tokenization - end offset doesn't match
2019-07-04 15:51:42,782 DEBUG root: Bad labelling or tokenization - end offset doesn't match
2019-07-04 15:51:42,783 DEBUG root: Bad labelling or tokenization - end offset doesn't match
2019-07-04 15:51:42,851 DEBUG root: Bad labelling or tokenization - end offset doesn't match
2019-07-04 15:51:42,925 DEBUG root: Bad labelling or tokenization - end offset doesn't match
2019-07-04 15:51:43,293 DEBUG root: Bad labelling or tokenization - start offset doesn't match
2019-07-04 15:51:43,334 DEBUG root: Bad labelling or tokenization - start offset doesn't match
2019-07-04 15:51:43,335 DEBUG root: Bad labelling or tokenization - start offset doesn't match
2019-07-04 15:51:43,738 DEBUG root: Bad tokenization - end offset doesn't match
2019-07-04 15:51:43,766 DEBUG root: Bad tokenization - end offset doesn't match
2019-07-04 15:51:43,869 DEBUG root: Bad labelling or tokenization - end offset doesn't match
2019-07-04 15:51:44,251 DEBUG root: Bad labelling or tokenization - end offset doesn't match
2019-07-04 15:51:44,520 DEBUG root: Bad tokenization - end offset doesn't match
2019-07-04 15:51:44,792 DEBUG root: Bad labelling or tokenization - end offset doesn't match
2019-07-04 15:51:44,869 DEBUG root: Bad labelling or tokenization - end offset doesn't match
2019-07-04 15:51:44,899 DEBUG root: Bad labelling or tokenization - start offset doesn't match
2019-07-04 15:51:44,924 DEBUG root: Bad labelling or tokenization - end offset doesn't match
2019-07-04 15:51:45,527 DEBUG root: Bad labelling or tokenization - end offset doesn't match
2019-07-04 15:51:45,712 DEBUG root: Bad labelling or tokenization - end offset doesn't match
2019-07-04 15:51:45,992 DEBUG root: Bad labelling or tokenization - end offset doesn't match
2019-07-04 15:51:48,279 DEBUG root: Bad labelling or tokenization - end offset doesn't match
2019-07-04 15:51:48,282 DEBUG root: Bad tokenization - end offset doesn't match
2019-07-04 15:51:48,406 DEBUG root: Bad tokenization - end offset doesn't match
2019-07-04 15:51:48,873 DEBUG root: Bad labelling or tokenization - start offset doesn't match
2019-07-04 15:51:49,009 DEBUG root: Bad tokenization - end offset doesn't match
2019-07-04 15:51:49,036 DEBUG root: Bad labelling or tokenization - start offset doesn't match
2019-07-04 15:51:49,391 DEBUG root: Bad labelling or tokenization - end offset doesn't match
2019-07-04 15:51:49,964 DEBUG root: Bad labelling or tokenization - start offset doesn't match
2019-07-04 15:51:49,988 DEBUG root: Bad labelling or tokenization - end offset doesn't match
2019-07-04 15:51:49,995 DEBUG root: Bad labelling or tokenization - end offset doesn't match
2019-07-04 15:51:50,128 DEBUG root: Bad tokenization - end offset doesn't match
2019-07-04 15:51:50,141 DEBUG root: Bad labelling or tokenization - start offset doesn't match
2019-07-04 15:51:50,263 DEBUG root: Bad labelling or tokenization - end offset doesn't match
2019-07-04 15:51:50,676 DEBUG root: Bad tokenization - end offset doesn't match
2019-07-04 15:51:50,868 DEBUG root: Bad labelling or tokenization - start offset doesn't match
2019-07-04 15:51:51,154 DEBUG root: Bad labelling or tokenization - start offset doesn't match
2019-07-04 15:51:51,506 DEBUG root: Bad labelling or tokenization - end offset doesn't match
2019-07-04 15:51:51,765 DEBUG root: Bad labelling or tokenization - start offset doesn't match
2019-07-04 15:51:52,104 DEBUG root: Bad tokenization - end offset doesn't match
2019-07-04 15:51:52,140 DEBUG root: Bad tokenization - end offset doesn't match
2019-07-04 15:51:52,272 DEBUG root: Bad tokenization - end offset doesn't match
2019-07-04 15:51:52,414 DEBUG root: Bad labelling or tokenization - start offset doesn't match
2019-07-04 15:51:52,440 DEBUG root: Bad labelling or tokenization - end offset doesn't match
2019-07-04 15:51:52,451 DEBUG root: Bad labelling or tokenization - start offset doesn't match
2019-07-04 15:51:53,024 DEBUG root: Bad labelling or tokenization - end offset doesn't match
2019-07-04 15:51:53,051 DEBUG root: Bad labelling or tokenization - start offset doesn't match
2019-07-04 15:51:53,497 DEBUG root: Bad tokenization - end offset doesn't match
2019-07-04 15:51:53,792 DEBUG root: Bad labelling or tokenization - start offset doesn't match
2019-07-04 15:51:54,043 DEBUG root: Bad labelling or tokenization - end offset doesn't match
2019-07-04 15:51:54,287 DEBUG root: Bad labelling or tokenization - end offset doesn't match
2019-07-04 15:51:54,438 DEBUG root: Bad labelling or tokenization - start offset doesn't match
2019-07-04 15:51:54,438 DEBUG root: Bad tokenization - end offset doesn't match
2019-07-04 15:51:54,492 DEBUG root: Bad labelling or tokenization - end offset doesn't match
2019-07-04 15:51:55,012 DEBUG root: Bad labelling or tokenization - end offset doesn't match
2019-07-04 15:51:55,123 DEBUG root: Bad labelling or tokenization - end offset doesn't match
2019-07-04 15:51:55,220 DEBUG root: Bad tokenization - end offset doesn't match
2019-07-04 15:51:55,354 DEBUG root: Bad tokenization - end offset doesn't match
2019-07-04 15:51:56,470 DEBUG root: Bad labelling or tokenization - end offset doesn't match
2019-07-04 15:51:57,463 DEBUG root: Bad labelling or tokenization - end offset doesn't match
2019-07-04 15:51:57,499 DEBUG root: Bad labelling or tokenization - end offset doesn't match
2019-07-04 15:51:57,973 DEBUG root: Bad labelling or tokenization - end offset doesn't match
2019-07-04 15:51:57,990 DEBUG root: Bad labelling or tokenization - start offset doesn't match
2019-07-04 15:51:58,227 DEBUG root: Bad labelling or tokenization - end offset doesn't match
2019-07-04 15:51:58,944 DEBUG root: Bad labelling or tokenization - start offset doesn't match
2019-07-04 15:51:59,541 DEBUG root: Bad labelling or tokenization - end offset doesn't match
2019-07-04 15:52:00,888 DEBUG root: Bad labelling or tokenization - start offset doesn't match
2019-07-04 15:52:02,197 DEBUG root: Bad labelling or tokenization - end offset doesn't match
2019-07-04 15:52:02,574 DEBUG root: Bad labelling or tokenization - end offset doesn't match
2019-07-04 15:52:02,592 DEBUG root: Bad labelling or tokenization - end offset doesn't match
2019-07-04 15:52:03,569 DEBUG root: Bad labelling or tokenization - start offset doesn't match
2019-07-04 15:52:04,057 DEBUG root: Bad labelling or tokenization - end offset doesn't match
2019-07-04 15:52:04,194 DEBUG root: Bad tokenization - end offset doesn't match
2019-07-04 15:52:04,823 DEBUG root: Bad labelling or tokenization - end offset doesn't match
2019-07-04 15:52:04,875 DEBUG root: Bad labelling or tokenization - end offset doesn't match
2019-07-04 15:52:05,136 DEBUG root: Bad tokenization - end offset doesn't match
2019-07-04 15:52:05,753 DEBUG root: Bad labelling or tokenization - end offset doesn't match
2019-07-04 15:52:06,313 DEBUG root: Bad labelling or tokenization - end offset doesn't match
2019-07-04 15:52:06,857 DEBUG root: Bad labelling or tokenization - end offset doesn't match
2019-07-04 15:52:08,081 DEBUG root: Bad labelling or tokenization - end offset doesn't match
2019-07-04 15:52:08,632 DEBUG root: Bad tokenization - end offset doesn't match
2019-07-04 15:52:08,732 DEBUG root: Bad labelling or tokenization - end offset doesn't match
2019-07-04 15:52:08,918 DEBUG root: Bad tokenization - end offset doesn't match
2019-07-04 15:52:09,230 DEBUG root: Bad tokenization - end offset doesn't match
2019-07-04 15:52:09,757 DEBUG root: Bad tokenization - end offset doesn't match
2019-07-04 15:52:10,026 DEBUG root: Bad labelling or tokenization - start offset doesn't match
2019-07-04 15:52:10,832 DEBUG root: Bad labelling or tokenization - end offset doesn't match
2019-07-04 15:52:11,180 DEBUG root: Bad labelling or tokenization - start offset doesn't match
2019-07-04 15:54:05,311 DEBUG root: Bad labelling or tokenization - start offset doesn't match
2019-07-04 15:54:05,321 DEBUG root: Bad labelling or tokenization - start offset doesn't match
2019-07-04 15:54:05,335 DEBUG root: Bad tokenization - end offset doesn't match
2019-07-04 15:54:05,337 DEBUG root: Bad tokenization - end offset doesn't match
2019-07-04 15:54:05,389 DEBUG root: Bad labelling or tokenization - start offset doesn't match
2019-07-04 15:54:05,418 DEBUG root: Bad labelling or tokenization - start offset doesn't match
2019-07-04 15:54:05,418 DEBUG root: Bad tokenization - end offset doesn't match
2019-07-04 15:54:05,487 DEBUG root: Bad labelling or tokenization - start offset doesn't match
2019-07-04 15:54:05,626 DEBUG root: Bad labelling or tokenization - start offset doesn't match
2019-07-04 15:54:05,664 DEBUG root: Bad labelling or tokenization - end offset doesn't match
2019-07-04 15:54:05,665 DEBUG root: Bad labelling or tokenization - end offset doesn't match
2019-07-04 15:54:05,665 DEBUG root: Bad labelling or tokenization - end offset doesn't match
2019-07-04 15:54:05,667 DEBUG root: Bad labelling or tokenization - end offset doesn't match
2019-07-04 15:54:05,668 DEBUG root: Bad labelling or tokenization - end offset doesn't match
2019-07-04 15:54:05,668 DEBUG root: Bad labelling or tokenization - end offset doesn't match
2019-07-04 15:54:05,669 DEBUG root: Bad labelling or tokenization - end offset doesn't match
2019-07-04 15:54:05,725 DEBUG root: Bad labelling or tokenization - start offset doesn't match
2019-07-04 15:54:05,725 DEBUG root: Bad tokenization - end offset doesn't match
2019-07-04 15:54:05,742 DEBUG root: Bad labelling or tokenization - start offset doesn't match
2019-07-04 15:54:05,742 DEBUG root: Bad tokenization - end offset doesn't match
2019-07-04 15:54:05,834 DEBUG root: Bad labelling or tokenization - end offset doesn't match
2019-07-04 15:54:05,835 DEBUG root: Bad labelling or tokenization - end offset doesn't match
2019-07-04 15:54:05,838 DEBUG root: Bad labelling or tokenization - end offset doesn't match
2019-07-04 15:54:05,841 DEBUG root: Bad labelling or tokenization - end offset doesn't match
2019-07-04 15:54:05,858 DEBUG root: Bad labelling or tokenization - start offset doesn't match
2019-07-04 15:54:05,863 DEBUG root: Bad labelling or tokenization - start offset doesn't match
2019-07-04 15:54:05,944 DEBUG root: Bad labelling or tokenization - end offset doesn't match
2019-07-04 15:54:06,007 DEBUG root: Bad labelling or tokenization - start offset doesn't match
2019-07-04 15:54:06,267 DEBUG root: Bad tokenization - end offset doesn't match
2019-07-04 15:54:06,268 DEBUG root: Bad tokenization - end offset doesn't match
2019-07-04 15:54:06,268 DEBUG root: Bad tokenization - end offset doesn't match
2019-07-04 15:54:06,489 DEBUG root: Bad tokenization - end offset doesn't match
2019-07-04 15:54:06,489 DEBUG root: Bad tokenization - end offset doesn't match
2019-07-04 15:54:06,490 DEBUG root: Bad tokenization - end offset doesn't match
2019-07-04 15:54:06,630 DEBUG root: Bad labelling or tokenization - end offset doesn't match
2019-07-04 15:54:06,631 DEBUG root: Bad labelling or tokenization - end offset doesn't match
2019-07-04 15:54:06,632 DEBUG root: Bad labelling or tokenization - end offset doesn't match
2019-07-04 15:54:07,026 DEBUG root: Bad labelling or tokenization - start offset doesn't match
2019-07-04 15:54:07,577 DEBUG root: Bad labelling or tokenization - end offset doesn't match
2019-07-04 15:54:07,577 DEBUG root: Bad labelling or tokenization - end offset doesn't match
2019-07-04 15:54:07,580 DEBUG root: Bad labelling or tokenization - end offset doesn't match
2019-07-04 15:54:07,580 DEBUG root: Bad labelling or tokenization - end offset doesn't match
2019-07-04 15:54:07,663 DEBUG root: Bad labelling or tokenization - start offset doesn't match
2019-07-04 15:54:07,663 DEBUG root: Bad labelling or tokenization - start offset doesn't match
2019-07-04 15:54:07,664 DEBUG root: Bad labelling or tokenization - start offset doesn't match
2019-07-04 15:54:07,697 DEBUG root: Bad tokenization - end offset doesn't match
2019-07-04 15:54:07,873 DEBUG root: Bad labelling or tokenization - end offset doesn't match
2019-07-04 15:54:07,906 DEBUG root: Bad labelling or tokenization - end offset doesn't match
2019-07-04 15:54:07,907 DEBUG root: Bad labelling or tokenization - end offset doesn't match
2019-07-04 15:54:07,945 DEBUG root: Bad labelling or tokenization - start offset doesn't match
2019-07-04 15:54:08,087 DEBUG root: Bad labelling or tokenization - end offset doesn't match
2019-07-04 15:54:08,304 DEBUG root: Bad labelling or tokenization - end offset doesn't match
2019-07-04 15:54:08,304 DEBUG root: Bad labelling or tokenization - end offset doesn't match
2019-07-04 15:54:08,305 DEBUG root: Bad labelling or tokenization - end offset doesn't match
2019-07-04 15:54:08,381 DEBUG root: Bad tokenization - end offset doesn't match
2019-07-04 15:54:08,381 DEBUG root: Bad tokenization - end offset doesn't match
2019-07-04 15:54:08,381 DEBUG root: Bad tokenization - end offset doesn't match
2019-07-04 15:54:08,451 DEBUG root: Bad labelling or tokenization - end offset doesn't match
2019-07-04 15:54:08,767 DEBUG root: Bad tokenization - end offset doesn't match
2019-07-04 15:54:08,769 DEBUG root: Bad tokenization - end offset doesn't match
2019-07-04 15:54:08,769 DEBUG root: Bad tokenization - end offset doesn't match
2019-07-04 15:54:08,800 DEBUG root: Bad labelling or tokenization - start offset doesn't match
2019-07-04 15:54:08,990 DEBUG root: Bad labelling or tokenization - start offset doesn't match
2019-07-04 15:54:09,007 DEBUG root: Bad tokenization - end offset doesn't match
2019-07-04 15:54:09,020 DEBUG root: Bad tokenization - end offset doesn't match
2019-07-04 15:54:09,021 DEBUG root: Bad tokenization - end offset doesn't match
2019-07-04 15:54:09,101 DEBUG root: Bad labelling or tokenization - end offset doesn't match
2019-07-04 15:54:09,422 DEBUG root: Bad labelling or tokenization - end offset doesn't match
2019-07-04 15:54:09,960 DEBUG root: Bad labelling or tokenization - end offset doesn't match
2019-07-04 15:54:10,044 DEBUG root: Bad labelling or tokenization - start offset doesn't match
2019-07-04 15:54:10,387 DEBUG root: Bad tokenization - end offset doesn't match
2019-07-04 15:54:10,839 DEBUG root: Bad labelling or tokenization - end offset doesn't match
2019-07-04 15:54:10,887 DEBUG root: Bad labelling or tokenization - end offset doesn't match
2019-07-04 15:54:10,956 DEBUG root: Bad labelling or tokenization - end offset doesn't match
2019-07-04 15:54:10,957 DEBUG root: Bad labelling or tokenization - end offset doesn't match
2019-07-04 15:54:11,016 DEBUG root: Bad labelling or tokenization - end offset doesn't match
2019-07-04 15:54:11,085 DEBUG root: Bad labelling or tokenization - end offset doesn't match
2019-07-04 15:54:11,158 DEBUG root: Bad labelling or tokenization - end offset doesn't match
2019-07-04 15:54:11,182 DEBUG root: Bad labelling or tokenization - end offset doesn't match
2019-07-04 15:54:12,002 DEBUG root: Bad labelling or tokenization - start offset doesn't match
2019-07-04 15:54:12,006 DEBUG root: Bad labelling or tokenization - end offset doesn't match
2019-07-04 15:54:12,007 DEBUG root: Bad labelling or tokenization - end offset doesn't match
2019-07-04 15:54:12,007 DEBUG root: Bad labelling or tokenization - end offset doesn't match
2019-07-04 15:54:12,008 DEBUG root: Bad labelling or tokenization - end offset doesn't match
2019-07-04 15:54:12,008 DEBUG root: Bad labelling or tokenization - end offset doesn't match
2019-07-04 15:54:12,013 DEBUG root: Bad labelling or tokenization - end offset doesn't match
2019-07-04 15:54:12,014 DEBUG root: Bad labelling or tokenization - end offset doesn't match
2019-07-04 15:54:12,014 DEBUG root: Bad labelling or tokenization - end offset doesn't match
2019-07-04 15:54:12,014 DEBUG root: Bad labelling or tokenization - end offset doesn't match
2019-07-04 15:54:12,015 DEBUG root: Bad labelling or tokenization - end offset doesn't match
2019-07-04 15:54:12,069 DEBUG root: Bad labelling or tokenization - end offset doesn't match
2019-07-04 15:54:12,069 DEBUG root: Bad labelling or tokenization - end offset doesn't match
2019-07-04 15:54:12,075 DEBUG root: Bad labelling or tokenization - start offset doesn't match
2019-07-04 15:54:12,090 DEBUG root: Bad tokenization - end offset doesn't match
2019-07-04 15:54:12,285 DEBUG root: Bad labelling or tokenization - end offset doesn't match
2019-07-04 15:54:12,796 DEBUG root: Bad labelling or tokenization - end offset doesn't match
2019-07-04 15:54:12,797 DEBUG root: Bad labelling or tokenization - end offset doesn't match
2019-07-04 15:54:12,797 DEBUG root: Bad labelling or tokenization - end offset doesn't match
2019-07-04 15:54:12,845 DEBUG root: Bad labelling or tokenization - end offset doesn't match
2019-07-04 15:54:12,846 DEBUG root: Bad labelling or tokenization - end offset doesn't match
2019-07-04 15:54:12,846 DEBUG root: Bad labelling or tokenization - end offset doesn't match
2019-07-04 15:54:12,913 DEBUG root: Bad labelling or tokenization - end offset doesn't match
2019-07-04 15:54:12,913 DEBUG root: Bad labelling or tokenization - end offset doesn't match
2019-07-04 15:54:12,914 DEBUG root: Bad labelling or tokenization - end offset doesn't match
2019-07-04 15:54:13,582 DEBUG root: Bad labelling or tokenization - start offset doesn't match
2019-07-04 15:54:13,616 DEBUG root: Bad labelling or tokenization - start offset doesn't match
2019-07-04 15:54:13,633 DEBUG root: Bad labelling or tokenization - start offset doesn't match
2019-07-04 15:54:13,725 DEBUG root: Bad labelling or tokenization - start offset doesn't match
2019-07-04 15:54:14,023 DEBUG root: Bad labelling or tokenization - start offset doesn't match
2019-07-04 15:54:14,222 DEBUG root: Bad labelling or tokenization - end offset doesn't match
2019-07-04 15:54:14,234 DEBUG root: Bad tokenization - end offset doesn't match
2019-07-04 15:54:14,322 DEBUG root: Bad labelling or tokenization - start offset doesn't match
2019-07-04 15:54:14,400 DEBUG root: Bad labelling or tokenization - end offset doesn't match
2019-07-04 15:54:14,930 DEBUG root: Bad labelling or tokenization - end offset doesn't match
2019-07-04 15:54:14,951 DEBUG root: Bad tokenization - end offset doesn't match
2019-07-04 15:54:14,951 DEBUG root: Bad tokenization - end offset doesn't match
2019-07-04 15:54:14,952 DEBUG root: Bad tokenization - end offset doesn't match
2019-07-04 15:54:15,222 DEBUG root: Bad labelling or tokenization - end offset doesn't match
2019-07-04 15:54:15,228 DEBUG root: Bad labelling or tokenization - end offset doesn't match
2019-07-04 15:54:15,278 DEBUG root: Bad labelling or tokenization - end offset doesn't match
2019-07-04 15:54:15,300 DEBUG root: Bad labelling or tokenization - end offset doesn't match
2019-07-04 15:54:15,306 DEBUG root: Bad labelling or tokenization - end offset doesn't match
2019-07-04 15:54:15,323 DEBUG root: Bad labelling or tokenization - end offset doesn't match
2019-07-04 15:54:15,535 DEBUG root: Bad labelling or tokenization - end offset doesn't match
2019-07-04 15:54:15,540 DEBUG root: Bad labelling or tokenization - end offset doesn't match
2019-07-04 15:57:49,847 DEBUG root: Model structure:
{'char_embedder.embeddings.weight': 4192
'char_embedder.char_conv.weight': 8000
'char_embedder.char_conv.bias': 100
'highway_network.highway_linear0.0.weight': 40000
'highway_network.highway_linear0.0.bias': 200
'highway_network.highway_gate0.0.weight': 40000
'highway_network.highway_gate0.0.bias': 200
'highway_network.highway_linear1.0.weight': 40000
'highway_network.highway_linear1.0.bias': 200
'highway_network.highway_gate1.0.weight': 40000
'highway_network.highway_gate1.0.bias': 200
'encoder.rnn.weight_ih_l0': 80000
'encoder.rnn.weight_hh_l0': 40000
'encoder.rnn.bias_ih_l0': 400
'encoder.rnn.bias_hh_l0': 400
'encoder.rnn.weight_ih_l0_reverse': 80000
'encoder.rnn.weight_hh_l0_reverse': 40000
'encoder.rnn.bias_ih_l0_reverse': 400
'encoder.rnn.bias_hh_l0_reverse': 400
'lin_S.weight': 1000
'lin_S.bias': 1
'lin_E.weight': 1000
'lin_E.bias': 1
'similarity_linear.weight': 600
'similarity_linear.bias': 1
'modeling_layer.rnn.weight_ih_l0': 320000
'modeling_layer.rnn.weight_hh_l0': 40000
'modeling_layer.rnn.bias_ih_l0': 400
'modeling_layer.rnn.bias_hh_l0': 400
'modeling_layer.rnn.weight_ih_l0_reverse': 320000
'modeling_layer.rnn.weight_hh_l0_reverse': 40000
'modeling_layer.rnn.bias_ih_l0_reverse': 400
'modeling_layer.rnn.bias_hh_l0_reverse': 400
'modeling_layer.rnn.weight_ih_l1': 80000
'modeling_layer.rnn.weight_hh_l1': 40000
'modeling_layer.rnn.bias_ih_l1': 400
'modeling_layer.rnn.bias_hh_l1': 400
'modeling_layer.rnn.weight_ih_l1_reverse': 80000
'modeling_layer.rnn.weight_hh_l1_reverse': 40000
'modeling_layer.rnn.bias_ih_l1_reverse': 400
'modeling_layer.rnn.bias_hh_l1_reverse': 400
'output_layer.rnn.weight_ih_l0': 560000
'output_layer.rnn.weight_hh_l0': 40000
'output_layer.rnn.bias_ih_l0': 400
'output_layer.rnn.bias_hh_l0': 400
'output_layer.rnn.weight_ih_l0_reverse': 560000
'output_layer.rnn.weight_hh_l0_reverse': 40000
'output_layer.rnn.bias_ih_l0_reverse': 400
'output_layer.rnn.bias_hh_l0_reverse': 400}
{'char_embedder.embeddings.weight': torch.Size([262, 16])
'char_embedder.char_conv.weight': torch.Size([100, 1, 16, 5])
'char_embedder.char_conv.bias': torch.Size([100])
'highway_network.highway_linear0.0.weight': torch.Size([200, 200])
'highway_network.highway_linear0.0.bias': torch.Size([200])
'highway_network.highway_gate0.0.weight': torch.Size([200, 200])
'highway_network.highway_gate0.0.bias': torch.Size([200])
'highway_network.highway_linear1.0.weight': torch.Size([200, 200])
'highway_network.highway_linear1.0.bias': torch.Size([200])
'highway_network.highway_gate1.0.weight': torch.Size([200, 200])
'highway_network.highway_gate1.0.bias': torch.Size([200])
'encoder.rnn.weight_ih_l0': torch.Size([400, 200])
'encoder.rnn.weight_hh_l0': torch.Size([400, 100])
'encoder.rnn.bias_ih_l0': torch.Size([400])
'encoder.rnn.bias_hh_l0': torch.Size([400])
'encoder.rnn.weight_ih_l0_reverse': torch.Size([400, 200])
'encoder.rnn.weight_hh_l0_reverse': torch.Size([400, 100])
'encoder.rnn.bias_ih_l0_reverse': torch.Size([400])
'encoder.rnn.bias_hh_l0_reverse': torch.Size([400])
'lin_S.weight': torch.Size([1, 1000])
'lin_S.bias': torch.Size([1])
'lin_E.weight': torch.Size([1, 1000])
'lin_E.bias': torch.Size([1])
'similarity_linear.weight': torch.Size([1, 600])
'similarity_linear.bias': torch.Size([1])
'modeling_layer.rnn.weight_ih_l0': torch.Size([400, 800])
'modeling_layer.rnn.weight_hh_l0': torch.Size([400, 100])
'modeling_layer.rnn.bias_ih_l0': torch.Size([400])
'modeling_layer.rnn.bias_hh_l0': torch.Size([400])
'modeling_layer.rnn.weight_ih_l0_reverse': torch.Size([400, 800])
'modeling_layer.rnn.weight_hh_l0_reverse': torch.Size([400, 100])
'modeling_layer.rnn.bias_ih_l0_reverse': torch.Size([400])
'modeling_layer.rnn.bias_hh_l0_reverse': torch.Size([400])
'modeling_layer.rnn.weight_ih_l1': torch.Size([400, 200])
'modeling_layer.rnn.weight_hh_l1': torch.Size([400, 100])
'modeling_layer.rnn.bias_ih_l1': torch.Size([400])
'modeling_layer.rnn.bias_hh_l1': torch.Size([400])
'modeling_layer.rnn.weight_ih_l1_reverse': torch.Size([400, 200])
'modeling_layer.rnn.weight_hh_l1_reverse': torch.Size([400, 100])
'modeling_layer.rnn.bias_ih_l1_reverse': torch.Size([400])
'modeling_layer.rnn.bias_hh_l1_reverse': torch.Size([400])
'output_layer.rnn.weight_ih_l0': torch.Size([400, 1400])
'output_layer.rnn.weight_hh_l0': torch.Size([400, 100])
'output_layer.rnn.bias_ih_l0': torch.Size([400])
'output_layer.rnn.bias_hh_l0': torch.Size([400])
'output_layer.rnn.weight_ih_l0_reverse': torch.Size([400, 1400])
'output_layer.rnn.weight_hh_l0_reverse': torch.Size([400, 100])
'output_layer.rnn.bias_ih_l0_reverse': torch.Size([400])
'output_layer.rnn.bias_hh_l0_reverse': torch.Size([400])}

