2019-07-04 15:51:04,606 INFO root: {
    "RNN_input_dim": 100,
    "RNN_layers": 1,
    "RNN_nhidden": 100,
    "batch_size": 40,
    "char_channel_size": 100,
    "char_channel_width": 5,
    "char_embedding_size": 16,
    "char_embeddings": true,
    "char_maxsize_vocab": 260,
    "dropout_rate": 0.2,
    "ema": true,
    "embedding_size": 100,
    "exp_decay_rate": 0.999,
    "highway_dim": 100,
    "highway_layers": 2,
    "learning_rate": 0.001,
    "max_iterations": 10000,
    "modelname": "bidaf",
    "optimize_embeddings": false,
    "optimizer": "adam",
    "scale_emb_grad_by_freq": false,
    "start_ema_from_it": 0
}
2019-07-04 15:52:11,394 INFO root: # problems: 294
2019-07-04 15:52:11,394 INFO root: Problems affect 0.00 % of dataset.
2019-07-04 15:52:50,460 INFO root: Dataset .data/squad/train-v1.1.json_preprocessed.json created in 95.6541862487793s
2019-07-04 15:54:05,055 INFO root: Dataset .data/squad/train-v1.1.json_preprocessed.json loaded in 74.60 s
2019-07-04 15:54:15,848 INFO root: # problems: 122
2019-07-04 15:54:15,848 INFO root: Problems affect 0.00 % of dataset.
2019-07-04 15:54:31,800 INFO root: Dataset .data/squad/dev-v1.1.json_preprocessed.json created in 26.561638355255127s
2019-07-04 15:55:07,048 INFO root: Dataset .data/squad/dev-v1.1.json_preprocessed.json loaded in 35.25 s
2019-07-04 15:55:07,080 INFO torchtext.vocab: Downloading vectors from http://nlp.stanford.edu/data/glove.6B.zip
2019-07-04 15:56:32,520 INFO torchtext.vocab: Extracting vectors into .vector_cache
2019-07-04 15:56:47,521 INFO torchtext.vocab: Loading vectors from .vector_cache/glove.6B.100d.txt
2019-07-04 15:57:02,746 INFO torchtext.vocab: Saving vectors to .vector_cache/glove.6B.100d.txt.pt
2019-07-04 15:57:47,009 INFO root: Optimize embeddings = False
2019-07-04 15:57:47,009 INFO root: Scale grad by freq: False
2019-07-04 15:57:47,009 INFO root: Vocabulary size = 88972
2019-07-04 15:57:49,846 INFO root: Models has 2582095 parameters
2019-07-04 15:57:49,848 INFO root: Iteration 0
2019-07-04 15:58:49,160 INFO root: {"exact_match": 0.14191106906338694, "f1": 7.540267947005854}
2019-07-04 15:58:49,173 INFO root: BEST L/F1/EM = 9.80/9.80/0.14
2019-07-04 15:58:49,173 INFO root: Validation loss: 9.798418271958884
2019-07-04 15:58:49,173 INFO root: Iteration 1
2019-07-04 15:59:48,396 INFO root: {"exact_match": 0.14191106906338694, "f1": 7.540267947005854}
2019-07-04 15:59:48,408 INFO root: BEST L/F1/EM = 9.80/9.80/0.14
2019-07-04 15:59:48,409 INFO root: Validation loss: 9.798418271958884
2019-07-04 15:59:48,409 INFO root: Iteration 2
2019-07-04 16:00:54,246 INFO root: {"exact_match": 0.14191106906338694, "f1": 7.540267947005854}
2019-07-04 16:00:54,260 INFO root: BEST L/F1/EM = 9.80/9.80/0.14
2019-07-04 16:00:54,260 INFO root: Validation loss: 9.798418271958884
2019-07-04 16:00:54,260 INFO root: Iteration 3
2019-07-04 16:01:53,228 INFO root: {"exact_match": 0.14191106906338694, "f1": 7.540267947005854}
2019-07-04 16:01:53,241 INFO root: BEST L/F1/EM = 9.80/9.80/0.14
2019-07-04 16:01:53,241 INFO root: Validation loss: 9.798418271958884
2019-07-04 16:01:53,241 INFO root: Iteration 4
2019-07-04 16:02:52,215 INFO root: {"exact_match": 0.14191106906338694, "f1": 7.540267947005854}
2019-07-04 16:02:52,228 INFO root: BEST L/F1/EM = 9.80/9.80/0.14
2019-07-04 16:02:52,229 INFO root: Validation loss: 9.798418271958884
2019-07-04 16:02:52,229 INFO root: Iteration 5
2019-07-04 16:03:47,108 INFO root: Finished after 5.954344268639883 minutes.
